<?xml version="1.0" encoding="UTF-8"?>
<!-- Generated by org.testng.reporters.JUnitXMLReporter -->
<testsuite ignored="0" hostname="LAPTOP-E8AE22MJ" failures="0" tests="8" name="Test" time="117.885" errors="0" timestamp="2023-07-03T10:06:19 IST">
  <testcase classname="testScripts.Tc_01" name="createOrganizationWithMandField" time="8.273"/>
  <testcase classname="testScripts.Tc_04" name="createContactWithMandField" time="8.164"/>
  <testcase classname="testScripts.Tc_05" name="leadDuplicate" time="8.28"/>
  <testcase classname="testScripts.Tc_02" name="createOrganizationWithTypeAndIndustry" time="8.249"/>
  <testcase classname="testScripts.Tc_03" name="createLeadWithMandField" time="7.196"/>
  <testcase classname="testScripts.Tc_08" name="newEvent" time="17.177"/>
  <testcase classname="testScripts.Tc_06" name="deleteLead" time="3.339"/>
  <testcase classname="testScripts.Tc_07" name="createContactWithExistingOrg" time="8.587"/>
</testsuite> <!-- Test -->
