<?xml version="1.0" encoding="UTF-8"?>
<!-- Generated by org.testng.reporters.JUnitXMLReporter -->
<testsuite ignored="0" hostname="DESKTOP-9FN51LS" failures="3" tests="7" name="Test 13" time="0.189" errors="0" timestamp="2023-06-17T10:12:06 IST">
  <testcase classname="dataprovider.ListernerTC2" name="demoforListeners5" time="0.017"/>
  <testcase classname="dataprovider.ListernerTC2" name="demoforListeners6" time="0.015">
    <failure type="java.lang.AssertionError" message="expected [true] but found [false]">
      <![CDATA[java.lang.AssertionError: expected [true] but found [false]
at dataprovider.ListernerTC2.demoforListeners6(ListernerTC2.java:17)
at java.base/java.util.ArrayList.forEach(ArrayList.java:1511)
... Removed 33 stack frames]]>
    </failure>
  </testcase> <!-- demoforListeners6 -->
  <testcase classname="dataprovider.ListernerTC" name="demoforListeners1" time="0.005"/>
  <testcase classname="dataprovider.ListernerTC" name="demoforListeners2" time="0.006">
    <failure type="java.lang.AssertionError" message="expected [true] but found [false]">
      <![CDATA[java.lang.AssertionError: expected [true] but found [false]
at dataprovider.ListernerTC.demoforListeners2(ListernerTC.java:17)
at java.base/java.util.ArrayList.forEach(ArrayList.java:1511)
... Removed 33 stack frames]]>
    </failure>
  </testcase> <!-- demoforListeners2 -->
  <testcase classname="dataprovider.ListernerTC" name="demoforListeners7" time="0.005"/>
  <testcase classname="dataprovider.ListernerTC1" name="demoforListeners3" time="0.007"/>
  <testcase classname="dataprovider.ListernerTC1" name="demoforListeners4" time="0.005">
    <failure type="java.lang.AssertionError" message="expected [true] but found [false]">
      <![CDATA[java.lang.AssertionError: expected [true] but found [false]
at dataprovider.ListernerTC1.demoforListeners4(ListernerTC1.java:17)
at java.base/java.util.ArrayList.forEach(ArrayList.java:1511)
... Removed 33 stack frames]]>
    </failure>
  </testcase> <!-- demoforListeners4 -->
</testsuite> <!-- Test 13 -->
